
*** Running vivado
    with args -log Counter_N.vdi -applog -m64 -product Vivado -messageDb vivado.pb -mode batch -source Counter_N.tcl -notrace


****** Vivado v2018.2 (64-bit)
  **** SW Build 2258646 on Thu Jun 14 20:03:12 MDT 2018
  **** IP Build 2256618 on Thu Jun 14 22:10:49 MDT 2018
    ** Copyright 1986-2018 Xilinx, Inc. All Rights Reserved.

source Counter_N.tcl -notrace
Command: link_design -top Counter_N -part xc7z020clg484-1
Design is defaulting to srcset: sources_1
Design is defaulting to constrset: constrs_1
INFO: [Netlist 29-17] Analyzing 9 Unisim elements for replacement
INFO: [Netlist 29-28] Unisim Transformation completed in 0 CPU seconds
INFO: [Project 1-479] Netlist was created with Vivado 2018.2
INFO: [Device 21-403] Loading part xc7z020clg484-1
INFO: [Project 1-570] Preparing netlist for logic optimization
Parsing XDC File [F:/CompArch/FPGA_Lab/Lab2/project_1/project_1.srcs/constrs_1/new/constriants.xdc]
Finished Parsing XDC File [F:/CompArch/FPGA_Lab/Lab2/project_1/project_1.srcs/constrs_1/new/constriants.xdc]
INFO: [Opt 31-138] Pushed 0 inverter(s) to 0 load pin(s).
INFO: [Project 1-111] Unisim Transformation Summary:
No Unisim elements were transformed.

7 Infos, 0 Warnings, 0 Critical Warnings and 0 Errors encountered.
link_design completed successfully
link_design: Time (s): cpu = 00:00:14 ; elapsed = 00:00:17 . Memory (MB): peak = 587.332 ; gain = 338.703
Command: opt_design
Attempting to get a license for feature 'Implementation' and/or device 'xc7z020'
INFO: [Common 17-349] Got license for feature 'Implementation' and/or device 'xc7z020'
Running DRC as a precondition to command opt_design

Starting DRC Task
INFO: [DRC 23-27] Running DRC with 2 threads
INFO: [Project 1-461] DRC finished with 0 Errors
INFO: [Project 1-462] Please refer to the DRC report (report_drc) for more information.

Time (s): cpu = 00:00:03 ; elapsed = 00:00:02 . Memory (MB): peak = 600.965 ; gain = 13.633

Starting Cache Timing Information Task
INFO: [Timing 38-35] Done setting XDC timing constraints.
Ending Cache Timing Information Task | Checksum: 151eb09f4

Time (s): cpu = 00:00:22 ; elapsed = 00:00:26 . Memory (MB): peak = 1120.172 ; gain = 519.207

Starting Logic Optimization Task

Phase 1 Retarget
INFO: [Opt 31-138] Pushed 0 inverter(s) to 0 load pin(s).
INFO: [Opt 31-49] Retargeted 0 cell(s).
Phase 1 Retarget | Checksum: 151eb09f4

Time (s): cpu = 00:00:00 ; elapsed = 00:00:00.287 . Memory (MB): peak = 1120.172 ; gain = 0.000
INFO: [Opt 31-389] Phase Retarget created 0 cells and removed 0 cells

Phase 2 Constant propagation
INFO: [Opt 31-138] Pushed 0 inverter(s) to 0 load pin(s).
Phase 2 Constant propagation | Checksum: 151eb09f4

Time (s): cpu = 00:00:00 ; elapsed = 00:00:00.295 . Memory (MB): peak = 1120.172 ; gain = 0.000
INFO: [Opt 31-389] Phase Constant propagation created 0 cells and removed 0 cells

Phase 3 Sweep
Phase 3 Sweep | Checksum: 181e839bb

Time (s): cpu = 00:00:00 ; elapsed = 00:00:00.511 . Memory (MB): peak = 1120.172 ; gain = 0.000
INFO: [Opt 31-389] Phase Sweep created 0 cells and removed 0 cells

Phase 4 BUFG optimization
Phase 4 BUFG optimization | Checksum: 181e839bb

Time (s): cpu = 00:00:00 ; elapsed = 00:00:00.530 . Memory (MB): peak = 1120.172 ; gain = 0.000
INFO: [Opt 31-662] Phase BUFG optimization created 0 cells of which 0 are BUFGs and removed 0 cells.

Phase 5 Shift Register Optimization
Phase 5 Shift Register Optimization | Checksum: d8574dec

Time (s): cpu = 00:00:00 ; elapsed = 00:00:00.599 . Memory (MB): peak = 1120.172 ; gain = 0.000
INFO: [Opt 31-389] Phase Shift Register Optimization created 0 cells and removed 0 cells

Phase 6 Post Processing Netlist
Phase 6 Post Processing Netlist | Checksum: d8574dec

Time (s): cpu = 00:00:00 ; elapsed = 00:00:00.602 . Memory (MB): peak = 1120.172 ; gain = 0.000
INFO: [Opt 31-389] Phase Post Processing Netlist created 0 cells and removed 0 cells

Starting Connectivity Check Task

Time (s): cpu = 00:00:00 ; elapsed = 00:00:00.001 . Memory (MB): peak = 1120.172 ; gain = 0.000
Ending Logic Optimization Task | Checksum: d8574dec

Time (s): cpu = 00:00:00 ; elapsed = 00:00:00.612 . Memory (MB): peak = 1120.172 ; gain = 0.000

Starting Power Optimization Task
INFO: [Pwropt 34-132] Skipping clock gating for clocks with a period < 2.00 ns.
Ending Power Optimization Task | Checksum: d8574dec

Time (s): cpu = 00:00:00 ; elapsed = 00:00:00.092 . Memory (MB): peak = 1120.172 ; gain = 0.000

Starting Final Cleanup Task
Ending Final Cleanup Task | Checksum: d8574dec

Time (s): cpu = 00:00:00 ; elapsed = 00:00:00 . Memory (MB): peak = 1120.172 ; gain = 0.000
INFO: [Common 17-83] Releasing license: Implementation
23 Infos, 0 Warnings, 0 Critical Warnings and 0 Errors encountered.
opt_design completed successfully
opt_design: Time (s): cpu = 00:00:25 ; elapsed = 00:00:29 . Memory (MB): peak = 1120.172 ; gain = 532.840
INFO: [Timing 38-480] Writing timing data to binary archive.
Writing placer database...
Writing XDEF routing.
Writing XDEF routing logical nets.
Writing XDEF routing special nets.
Write XDEF Complete: Time (s): cpu = 00:00:00 ; elapsed = 00:00:00.178 . Memory (MB): peak = 1120.172 ; gain = 0.000
INFO: [Common 17-1381] The checkpoint 'F:/CompArch/FPGA_Lab/Lab2/project_1/project_1.runs/impl_1/Counter_N_opt.dcp' has been generated.
INFO: [runtcl-4] Executing : report_drc -file Counter_N_drc_opted.rpt -pb Counter_N_drc_opted.pb -rpx Counter_N_drc_opted.rpx
Command: report_drc -file Counter_N_drc_opted.rpt -pb Counter_N_drc_opted.pb -rpx Counter_N_drc_opted.rpx
INFO: [IP_Flow 19-234] Refreshing IP repositories
INFO: [IP_Flow 19-1704] No user IP repositories specified
INFO: [IP_Flow 19-2313] Loaded Vivado IP repository 'D:/xilinx/Vivado/2018.2/data/ip'.
INFO: [DRC 23-27] Running DRC with 2 threads
INFO: [Coretcl 2-168] The results of DRC are in file F:/CompArch/FPGA_Lab/Lab2/project_1/project_1.runs/impl_1/Counter_N_drc_opted.rpt.
report_drc completed successfully
report_drc: Time (s): cpu = 00:00:08 ; elapsed = 00:00:13 . Memory (MB): peak = 1120.172 ; gain = 0.000
Command: place_design
Attempting to get a license for feature 'Implementation' and/or device 'xc7z020'
INFO: [Common 17-349] Got license for feature 'Implementation' and/or device 'xc7z020'
INFO: [DRC 23-27] Running DRC with 2 threads
INFO: [Vivado_Tcl 4-198] DRC finished with 0 Errors
INFO: [Vivado_Tcl 4-199] Please refer to the DRC report (report_drc) for more information.
Running DRC as a precondition to command place_design
INFO: [DRC 23-27] Running DRC with 2 threads
INFO: [Vivado_Tcl 4-198] DRC finished with 0 Errors
INFO: [Vivado_Tcl 4-199] Please refer to the DRC report (report_drc) for more information.

Starting Placer Task
INFO: [Place 30-611] Multithreading enabled for place_design using a maximum of 2 CPUs

Phase 1 Placer Initialization

Phase 1.1 Placer Initialization Netlist Sorting
Netlist sorting complete. Time (s): cpu = 00:00:00 ; elapsed = 00:00:00.001 . Memory (MB): peak = 1120.172 ; gain = 0.000
Phase 1.1 Placer Initialization Netlist Sorting | Checksum: 9558759f

Time (s): cpu = 00:00:00 ; elapsed = 00:00:00.192 . Memory (MB): peak = 1120.172 ; gain = 0.000
Netlist sorting complete. Time (s): cpu = 00:00:00 ; elapsed = 00:00:00.002 . Memory (MB): peak = 1120.172 ; gain = 0.000

Phase 1.2 IO Placement/ Clock Placement/ Build Placer Device
INFO: [Timing 38-35] Done setting XDC timing constraints.
Phase 1.2 IO Placement/ Clock Placement/ Build Placer Device | Checksum: f450e041

Time (s): cpu = 00:00:04 ; elapsed = 00:00:03 . Memory (MB): peak = 1146.207 ; gain = 26.035

Phase 1.3 Build Placer Netlist Model
Phase 1.3 Build Placer Netlist Model | Checksum: 194f4e056

Time (s): cpu = 00:00:04 ; elapsed = 00:00:03 . Memory (MB): peak = 1146.207 ; gain = 26.035

Phase 1.4 Constrain Clocks/Macros
Phase 1.4 Constrain Clocks/Macros | Checksum: 194f4e056

Time (s): cpu = 00:00:04 ; elapsed = 00:00:03 . Memory (MB): peak = 1146.207 ; gain = 26.035
Phase 1 Placer Initialization | Checksum: 194f4e056

Time (s): cpu = 00:00:04 ; elapsed = 00:00:03 . Memory (MB): peak = 1146.207 ; gain = 26.035

Phase 2 Global Placement

Phase 2.1 Floorplanning
Phase 2.1 Floorplanning | Checksum: 194f4e056

Time (s): cpu = 00:00:04 ; elapsed = 00:00:03 . Memory (MB): peak = 1146.207 ; gain = 26.035
WARNING: [Place 46-29] place_design is not in timing mode. Skip physical synthesis in placer
Phase 2 Global Placement | Checksum: 1b2c3c26a

Time (s): cpu = 00:00:06 ; elapsed = 00:00:05 . Memory (MB): peak = 1146.207 ; gain = 26.035

Phase 3 Detail Placement

Phase 3.1 Commit Multi Column Macros
Phase 3.1 Commit Multi Column Macros | Checksum: 1b2c3c26a

Time (s): cpu = 00:00:06 ; elapsed = 00:00:05 . Memory (MB): peak = 1146.207 ; gain = 26.035

Phase 3.2 Commit Most Macros & LUTRAMs
Phase 3.2 Commit Most Macros & LUTRAMs | Checksum: 268b1f9c2

Time (s): cpu = 00:00:06 ; elapsed = 00:00:05 . Memory (MB): peak = 1146.207 ; gain = 26.035

Phase 3.3 Area Swap Optimization
Phase 3.3 Area Swap Optimization | Checksum: 19fb167c3

Time (s): cpu = 00:00:06 ; elapsed = 00:00:05 . Memory (MB): peak = 1146.207 ; gain = 26.035

Phase 3.4 Pipeline Register Optimization
Phase 3.4 Pipeline Register Optimization | Checksum: 19fb167c3

Time (s): cpu = 00:00:06 ; elapsed = 00:00:05 . Memory (MB): peak = 1146.207 ; gain = 26.035

Phase 3.5 Small Shape Detail Placement
Phase 3.5 Small Shape Detail Placement | Checksum: 287576903

Time (s): cpu = 00:00:07 ; elapsed = 00:00:06 . Memory (MB): peak = 1146.207 ; gain = 26.035

Phase 3.6 Re-assign LUT pins
Phase 3.6 Re-assign LUT pins | Checksum: 287576903

Time (s): cpu = 00:00:07 ; elapsed = 00:00:06 . Memory (MB): peak = 1146.207 ; gain = 26.035

Phase 3.7 Pipeline Register Optimization
Phase 3.7 Pipeline Register Optimization | Checksum: 287576903

Time (s): cpu = 00:00:07 ; elapsed = 00:00:06 . Memory (MB): peak = 1146.207 ; gain = 26.035
Phase 3 Detail Placement | Checksum: 287576903

Time (s): cpu = 00:00:07 ; elapsed = 00:00:06 . Memory (MB): peak = 1146.207 ; gain = 26.035

Phase 4 Post Placement Optimization and Clean-Up

Phase 4.1 Post Commit Optimization
Phase 4.1 Post Commit Optimization | Checksum: 287576903

Time (s): cpu = 00:00:07 ; elapsed = 00:00:06 . Memory (MB): peak = 1146.207 ; gain = 26.035

Phase 4.2 Post Placement Cleanup
Phase 4.2 Post Placement Cleanup | Checksum: 287576903

Time (s): cpu = 00:00:07 ; elapsed = 00:00:06 . Memory (MB): peak = 1146.207 ; gain = 26.035

Phase 4.3 Placer Reporting
Phase 4.3 Placer Reporting | Checksum: 287576903

Time (s): cpu = 00:00:07 ; elapsed = 00:00:06 . Memory (MB): peak = 1146.207 ; gain = 26.035

Phase 4.4 Final Placement Cleanup
Phase 4.4 Final Placement Cleanup | Checksum: 25a74e3e2

Time (s): cpu = 00:00:07 ; elapsed = 00:00:06 . Memory (MB): peak = 1146.207 ; gain = 26.035
Phase 4 Post Placement Optimization and Clean-Up | Checksum: 25a74e3e2

Time (s): cpu = 00:00:07 ; elapsed = 00:00:06 . Memory (MB): peak = 1146.207 ; gain = 26.035
Ending Placer Task | Checksum: 188c1a8be

Time (s): cpu = 00:00:07 ; elapsed = 00:00:06 . Memory (MB): peak = 1146.207 ; gain = 26.035
INFO: [Common 17-83] Releasing license: Implementation
41 Infos, 1 Warnings, 0 Critical Warnings and 0 Errors encountered.
place_design completed successfully
place_design: Time (s): cpu = 00:00:10 ; elapsed = 00:00:08 . Memory (MB): peak = 1146.207 ; gain = 26.035
INFO: [Timing 38-480] Writing timing data to binary archive.
Writing placer database...
Writing XDEF routing.
Writing XDEF routing logical nets.
Writing XDEF routing special nets.
Write XDEF Complete: Time (s): cpu = 00:00:01 ; elapsed = 00:00:00.151 . Memory (MB): peak = 1150.742 ; gain = 4.535
INFO: [Common 17-1381] The checkpoint 'F:/CompArch/FPGA_Lab/Lab2/project_1/project_1.runs/impl_1/Counter_N_placed.dcp' has been generated.
INFO: [runtcl-4] Executing : report_io -file Counter_N_io_placed.rpt
report_io: Time (s): cpu = 00:00:00 ; elapsed = 00:00:00.157 . Memory (MB): peak = 1155.023 ; gain = 0.246
INFO: [runtcl-4] Executing : report_utilization -file Counter_N_utilization_placed.rpt -pb Counter_N_utilization_placed.pb
report_utilization: Time (s): cpu = 00:00:00 ; elapsed = 00:00:00.085 . Memory (MB): peak = 1155.023 ; gain = 0.000
INFO: [runtcl-4] Executing : report_control_sets -verbose -file Counter_N_control_sets_placed.rpt
report_control_sets: Time (s): cpu = 00:00:00 ; elapsed = 00:00:00.002 . Memory (MB): peak = 1155.023 ; gain = 0.000
Command: route_design
Attempting to get a license for feature 'Implementation' and/or device 'xc7z020'
INFO: [Common 17-349] Got license for feature 'Implementation' and/or device 'xc7z020'
Running DRC as a precondition to command route_design
INFO: [DRC 23-27] Running DRC with 2 threads
INFO: [Vivado_Tcl 4-198] DRC finished with 0 Errors
INFO: [Vivado_Tcl 4-199] Please refer to the DRC report (report_drc) for more information.


Starting Routing Task
INFO: [Route 35-254] Multithreading enabled for route_design using a maximum of 2 CPUs
Checksum: PlaceDB: f6d8d2d3 ConstDB: 0 ShapeSum: 91e8d5eb RouteDB: 0

Phase 1 Build RT Design
Phase 1 Build RT Design | Checksum: eca638e5

Time (s): cpu = 00:01:06 ; elapsed = 00:01:02 . Memory (MB): peak = 1290.254 ; gain = 134.531
Post Restoration Checksum: NetGraph: a94ecbc8 NumContArr: 43576d1d Constraints: 0 Timing: 0

Phase 2 Router Initialization
INFO: [Route 35-64] No timing constraints were detected. The router will operate in resource-optimization mode.

Phase 2.1 Fix Topology Constraints
Phase 2.1 Fix Topology Constraints | Checksum: eca638e5

Time (s): cpu = 00:01:06 ; elapsed = 00:01:02 . Memory (MB): peak = 1296.359 ; gain = 140.637

Phase 2.2 Pre Route Cleanup
Phase 2.2 Pre Route Cleanup | Checksum: eca638e5

Time (s): cpu = 00:01:06 ; elapsed = 00:01:02 . Memory (MB): peak = 1296.359 ; gain = 140.637
 Number of Nodes with overlaps = 0
Phase 2 Router Initialization | Checksum: 14cb14f07

Time (s): cpu = 00:01:07 ; elapsed = 00:01:02 . Memory (MB): peak = 1304.465 ; gain = 148.742

Phase 3 Initial Routing
Phase 3 Initial Routing | Checksum: 184341578

Time (s): cpu = 00:01:07 ; elapsed = 00:01:02 . Memory (MB): peak = 1304.465 ; gain = 148.742

Phase 4 Rip-up And Reroute

Phase 4.1 Global Iteration 0
 Number of Nodes with overlaps = 0
Phase 4.1 Global Iteration 0 | Checksum: 1004c712b

Time (s): cpu = 00:01:07 ; elapsed = 00:01:02 . Memory (MB): peak = 1304.465 ; gain = 148.742
Phase 4 Rip-up And Reroute | Checksum: 1004c712b

Time (s): cpu = 00:01:07 ; elapsed = 00:01:02 . Memory (MB): peak = 1304.465 ; gain = 148.742

Phase 5 Delay and Skew Optimization
Phase 5 Delay and Skew Optimization | Checksum: 1004c712b

Time (s): cpu = 00:01:07 ; elapsed = 00:01:02 . Memory (MB): peak = 1304.465 ; gain = 148.742

Phase 6 Post Hold Fix

Phase 6.1 Hold Fix Iter
Phase 6.1 Hold Fix Iter | Checksum: 1004c712b

Time (s): cpu = 00:01:07 ; elapsed = 00:01:02 . Memory (MB): peak = 1304.465 ; gain = 148.742
Phase 6 Post Hold Fix | Checksum: 1004c712b

Time (s): cpu = 00:01:07 ; elapsed = 00:01:02 . Memory (MB): peak = 1304.465 ; gain = 148.742

Phase 7 Route finalize

Router Utilization Summary
  Global Vertical Routing Utilization    = 0.00108729 %
  Global Horizontal Routing Utilization  = 0.00118323 %
  Routable Net Status*
  *Does not include unroutable nets such as driverless and loadless.
  Run report_route_status for detailed report.
  Number of Failed Nets               = 0
  Number of Unrouted Nets             = 0
  Number of Partially Routed Nets     = 0
  Number of Node Overlaps             = 0

Congestion Report
North Dir 1x1 Area, Max Cong = 5.40541%, No Congested Regions.
South Dir 1x1 Area, Max Cong = 2.7027%, No Congested Regions.
East Dir 1x1 Area, Max Cong = 8.82353%, No Congested Regions.
West Dir 1x1 Area, Max Cong = 2.94118%, No Congested Regions.

------------------------------
Reporting congestion hotspots
------------------------------
Direction: North
----------------
Congested clusters found at Level 0
Effective congestion level: 0 Aspect Ratio: 1 Sparse Ratio: 0
Direction: South
----------------
Congested clusters found at Level 0
Effective congestion level: 0 Aspect Ratio: 1 Sparse Ratio: 0
Direction: East
----------------
Congested clusters found at Level 0
Effective congestion level: 0 Aspect Ratio: 1 Sparse Ratio: 0
Direction: West
----------------
Congested clusters found at Level 0
Effective congestion level: 0 Aspect Ratio: 1 Sparse Ratio: 0

Phase 7 Route finalize | Checksum: 1004c712b

Time (s): cpu = 00:01:07 ; elapsed = 00:01:03 . Memory (MB): peak = 1304.465 ; gain = 148.742

Phase 8 Verifying routed nets

 Verification completed successfully
Phase 8 Verifying routed nets | Checksum: 1004c712b

Time (s): cpu = 00:01:07 ; elapsed = 00:01:03 . Memory (MB): peak = 1304.465 ; gain = 148.742

Phase 9 Depositing Routes
Phase 9 Depositing Routes | Checksum: 8a1fd1d5

Time (s): cpu = 00:01:07 ; elapsed = 00:01:03 . Memory (MB): peak = 1304.465 ; gain = 148.742
INFO: [Route 35-16] Router Completed Successfully

Time (s): cpu = 00:01:07 ; elapsed = 00:01:03 . Memory (MB): peak = 1304.465 ; gain = 148.742

Routing Is Done.
INFO: [Common 17-83] Releasing license: Implementation
54 Infos, 1 Warnings, 0 Critical Warnings and 0 Errors encountered.
route_design completed successfully
route_design: Time (s): cpu = 00:01:11 ; elapsed = 00:01:05 . Memory (MB): peak = 1304.465 ; gain = 149.441
INFO: [Timing 38-480] Writing timing data to binary archive.
Writing placer database...
Writing XDEF routing.
Writing XDEF routing logical nets.
Writing XDEF routing special nets.
Write XDEF Complete: Time (s): cpu = 00:00:01 ; elapsed = 00:00:00.146 . Memory (MB): peak = 1304.465 ; gain = 0.000
INFO: [Common 17-1381] The checkpoint 'F:/CompArch/FPGA_Lab/Lab2/project_1/project_1.runs/impl_1/Counter_N_routed.dcp' has been generated.
INFO: [runtcl-4] Executing : report_drc -file Counter_N_drc_routed.rpt -pb Counter_N_drc_routed.pb -rpx Counter_N_drc_routed.rpx
Command: report_drc -file Counter_N_drc_routed.rpt -pb Counter_N_drc_routed.pb -rpx Counter_N_drc_routed.rpx
INFO: [DRC 23-27] Running DRC with 2 threads
INFO: [Coretcl 2-168] The results of DRC are in file F:/CompArch/FPGA_Lab/Lab2/project_1/project_1.runs/impl_1/Counter_N_drc_routed.rpt.
report_drc completed successfully
INFO: [runtcl-4] Executing : report_methodology -file Counter_N_methodology_drc_routed.rpt -pb Counter_N_methodology_drc_routed.pb -rpx Counter_N_methodology_drc_routed.rpx
Command: report_methodology -file Counter_N_methodology_drc_routed.rpt -pb Counter_N_methodology_drc_routed.pb -rpx Counter_N_methodology_drc_routed.rpx
INFO: [Timing 38-35] Done setting XDC timing constraints.
INFO: [Timing 38-35] Done setting XDC timing constraints.
INFO: [DRC 23-133] Running Methodology with 2 threads
INFO: [Coretcl 2-1520] The results of Report Methodology are in file F:/CompArch/FPGA_Lab/Lab2/project_1/project_1.runs/impl_1/Counter_N_methodology_drc_routed.rpt.
report_methodology completed successfully
INFO: [runtcl-4] Executing : report_power -file Counter_N_power_routed.rpt -pb Counter_N_power_summary_routed.pb -rpx Counter_N_power_routed.rpx
Command: report_power -file Counter_N_power_routed.rpt -pb Counter_N_power_summary_routed.pb -rpx Counter_N_power_routed.rpx
WARNING: [Power 33-232] No user defined clocks were found in the design!
Resolution: Please specify clocks using create_clock/create_generated_clock for sequential elements. For pure combinatorial circuits, please specify a virtual clock, otherwise the vectorless estimation might be inaccurate
INFO: [Timing 38-35] Done setting XDC timing constraints.
Running Vector-less Activity Propagation...

Finished Running Vector-less Activity Propagation
66 Infos, 2 Warnings, 0 Critical Warnings and 0 Errors encountered.
report_power completed successfully
INFO: [runtcl-4] Executing : report_route_status -file Counter_N_route_status.rpt -pb Counter_N_route_status.pb
INFO: [runtcl-4] Executing : report_timing_summary -max_paths 10 -file Counter_N_timing_summary_routed.rpt -pb Counter_N_timing_summary_routed.pb -rpx Counter_N_timing_summary_routed.rpx -warn_on_violation 
INFO: [Timing 38-91] UpdateTimingParams: Speed grade: -1, Delay Type: min_max, Timing Stage: Requireds.
INFO: [Timing 38-191] Multithreading enabled for timing update using a maximum of 2 CPUs
WARNING: [Timing 38-313] There are no user specified timing constraints. Timing constraints are needed for proper timing analysis.
INFO: [runtcl-4] Executing : report_incremental_reuse -file Counter_N_incremental_reuse_routed.rpt
INFO: [Vivado_Tcl 4-545] No incremental reuse to report, no incremental placement and routing data was found.
INFO: [runtcl-4] Executing : report_clock_utilization -file Counter_N_clock_utilization_routed.rpt
INFO: [runtcl-4] Executing : report_bus_skew -warn_on_violation -file Counter_N_bus_skew_routed.rpt -pb Counter_N_bus_skew_routed.pb -rpx Counter_N_bus_skew_routed.rpx
INFO: [Timing 38-91] UpdateTimingParams: Speed grade: -1, Delay Type: min_max, Timing Stage: Requireds.
INFO: [Timing 38-191] Multithreading enabled for timing update using a maximum of 2 CPUs
INFO: [Common 17-206] Exiting Vivado at Fri Sep  3 11:44:14 2021...

*** Running vivado
    with args -log Counter_N.vdi -applog -m64 -product Vivado -messageDb vivado.pb -mode batch -source Counter_N.tcl -notrace


****** Vivado v2018.2 (64-bit)
  **** SW Build 2258646 on Thu Jun 14 20:03:12 MDT 2018
  **** IP Build 2256618 on Thu Jun 14 22:10:49 MDT 2018
    ** Copyright 1986-2018 Xilinx, Inc. All Rights Reserved.

source Counter_N.tcl -notrace
Command: open_checkpoint Counter_N_routed.dcp

Starting open_checkpoint Task

Time (s): cpu = 00:00:00 ; elapsed = 00:00:00.081 . Memory (MB): peak = 230.996 ; gain = 0.000
INFO: [Netlist 29-17] Analyzing 9 Unisim elements for replacement
INFO: [Netlist 29-28] Unisim Transformation completed in 0 CPU seconds
INFO: [Project 1-479] Netlist was created with Vivado 2018.2
INFO: [Device 21-403] Loading part xc7z020clg484-1
INFO: [Project 1-570] Preparing netlist for logic optimization
INFO: [Timing 38-478] Restoring timing data from binary archive.
INFO: [Timing 38-479] Binary timing data restore complete.
INFO: [Project 1-856] Restoring constraints from binary archive.
INFO: [Project 1-853] Binary constraint restore complete.
Reading XDEF placement.
Reading placer database...
Reading XDEF routing.
Read XDEF File: Time (s): cpu = 00:00:00 ; elapsed = 00:00:00.246 . Memory (MB): peak = 1098.105 ; gain = 0.000
Restored from archive | CPU: 0.000000 secs | Memory: 0.000000 MB |
Finished XDEF File Restore: Time (s): cpu = 00:00:00 ; elapsed = 00:00:00.247 . Memory (MB): peak = 1098.105 ; gain = 0.000
INFO: [Project 1-111] Unisim Transformation Summary:
No Unisim elements were transformed.

INFO: [Project 1-604] Checkpoint was created with Vivado v2018.2 (64-bit) build 2258646
open_checkpoint: Time (s): cpu = 00:00:37 ; elapsed = 00:00:45 . Memory (MB): peak = 1098.105 ; gain = 876.102
Command: write_bitstream -force Counter_N.bit
Attempting to get a license for feature 'Implementation' and/or device 'xc7z020'
INFO: [Common 17-349] Got license for feature 'Implementation' and/or device 'xc7z020'
Running DRC as a precondition to command write_bitstream
INFO: [IP_Flow 19-234] Refreshing IP repositories
INFO: [IP_Flow 19-1704] No user IP repositories specified
INFO: [IP_Flow 19-2313] Loaded Vivado IP repository 'D:/xilinx/Vivado/2018.2/data/ip'.
INFO: [DRC 23-27] Running DRC with 2 threads
WARNING: [DRC ZPS7-1] PS7 block required: The PS7 cell must be used in this Zynq design in order to enable correct default configuration.
INFO: [Vivado 12-3199] DRC finished with 0 Errors, 1 Warnings
INFO: [Vivado 12-3200] Please refer to the DRC report (report_drc) for more information.
INFO: [Designutils 20-2272] Running write_bitstream with 2 threads.
Loading data files...
Loading site data...
Loading route data...
Processing options...
Creating bitmap...
Creating bitstream...
Writing bitstream ./Counter_N.bit...
INFO: [Vivado 12-1842] Bitgen Completed Successfully.
INFO: [Project 1-120] WebTalk data collection is mandatory when using a WebPACK part without a full Vivado license. To see the specific WebTalk data collected for your design, open the usage_statistics_webtalk.html or usage_statistics_webtalk.xml file in the implementation directory.
INFO: [Common 17-83] Releasing license: Implementation
22 Infos, 1 Warnings, 0 Critical Warnings and 0 Errors encountered.
write_bitstream completed successfully
write_bitstream: Time (s): cpu = 00:00:38 ; elapsed = 00:00:38 . Memory (MB): peak = 1574.328 ; gain = 476.223
INFO: [Common 17-206] Exiting Vivado at Fri Sep  3 11:46:10 2021...
